<?xml version="1.0" encoding="UTF-8"?>
<!-- Generated by org.testng.reporters.JUnitXMLReporter -->
<testsuite ignored="0" hostname="Gopi-PC" failures="0" tests="5" name="Default test" time="0.185" errors="0" timestamp="2024-03-04T10:26:51 IST">
  <testcase classname="test.PersonalLoan" name="API" time="0.015"/>
  <testcase classname="test.PersonalLoan" name="API" time="0.006"/>
  <testcase classname="test.PersonalLoan" name="API" time="0.005"/>
  <testcase classname="test.PersonalLoan" name="mobile" time="0.003"/>
  <testcase classname="test.PersonalLoan" name="web" time="0.002"/>
</testsuite> <!-- Default test -->
