<?xml version="1.0" encoding="UTF-8"?>
<!-- Generated by org.testng.reporters.JUnitXMLReporter -->
<testsuite ignored="0" hostname="Gopi-PC" failures="0" tests="4" name="CarLoan" time="0.085" errors="0" timestamp="2024-03-02T17:43:26 IST">
  <testcase classname="test.CarLoan" name="car" time="0.003"/>
  <testcase classname="test.CarLoan" name="web" time="0.002"/>
  <testcase classname="test.CarLoan" name="webAPI" time="0.003"/>
  <testcase classname="test.CarLoan" name="webmobile" time="0.004"/>
</testsuite> <!-- CarLoan -->
