<?xml version="1.0" encoding="UTF-8"?>
<!-- Generated by org.testng.reporters.JUnitXMLReporter -->
<testsuite ignored="1" hostname="Gopi-PC" failures="2" tests="16" name="Test" time="0.177" errors="0" timestamp="2024-03-04T11:23:29 IST">
  <testcase classname="test.HomeLoan" name="anime" time="0.014"/>
  <testcase classname="test.HomeLoan" name="mobile" time="0.002"/>
  <testcase classname="test.GoldLoan" name="API" time="0.002"/>
  <testcase classname="test.GoldLoan" name="Gold" time="0.003"/>
  <testcase classname="test.GoldLoan" name="mobile" time="0.002"/>
  <testcase classname="test.GoldLoan" name="web" time="0.002"/>
  <testcase classname="test.PersonalLoan" name="API" time="0.003"/>
  <testcase classname="test.PersonalLoan" name="API" time="0.003"/>
  <testcase classname="test.PersonalLoan" name="API" time="0.002"/>
  <testcase classname="test.PersonalLoan" name="mobile" time="0.002"/>
  <testcase classname="test.PersonalLoan" name="web" time="0.002"/>
  <testcase classname="test.CarLoan" name="car" time="0.002"/>
  <testcase classname="test.CarLoan" name="web" time="0.005">
    <failure type="java.lang.AssertionError" message="expected [true] but found [false]">
      <![CDATA[java.lang.AssertionError: expected [true] but found [false]
at test.CarLoan.web(CarLoan.java:12)
at java.base/java.util.ArrayList.forEach(ArrayList.java:1511)
at java.base/java.util.concurrent.FutureTask.run(FutureTask.java:264)
at java.base/java.util.concurrent.ThreadPoolExecutor.runWorker(ThreadPoolExecutor.java:1136)
at java.base/java.util.concurrent.ThreadPoolExecutor$Worker.run(ThreadPoolExecutor.java:635)
at java.base/java.lang.Thread.run(Thread.java:840)
... Removed 22 stack frames]]>
    </failure>
  </testcase> <!-- web -->
  <testcase classname="test.CarLoan" name="webAPI" time="0.002"/>
  <testcase classname="test.CarLoan" name="webmobile" time="0.002">
    <failure type="java.lang.AssertionError" message="expected [true] but found [false]">
      <![CDATA[java.lang.AssertionError: expected [true] but found [false]
at test.CarLoan.webmobile(CarLoan.java:17)
at java.base/java.util.ArrayList.forEach(ArrayList.java:1511)
at java.base/java.util.concurrent.FutureTask.run(FutureTask.java:264)
at java.base/java.util.concurrent.ThreadPoolExecutor.runWorker(ThreadPoolExecutor.java:1136)
at java.base/java.util.concurrent.ThreadPoolExecutor$Worker.run(ThreadPoolExecutor.java:635)
at java.base/java.lang.Thread.run(Thread.java:840)
... Removed 22 stack frames]]>
    </failure>
  </testcase> <!-- webmobile -->
  <testcase classname="test.HomeLoan" name="API" time="0.002"/>
  <testcase classname="test.HomeLoan" name="web" time="0.0">
    <ignored/>
  </testcase> <!-- web -->
</testsuite> <!-- Test -->
