<?xml version="1.0" encoding="UTF-8"?>
<!-- Generated by org.testng.reporters.JUnitXMLReporter -->
<testsuite ignored="2" hostname="Gopi-PC" failures="0" tests="1" name="Gopi" time="0.01" errors="0" timestamp="2024-03-02T15:23:31 IST">
  <testcase classname="test.Day2" name="mobile" time="0.005"/>
  <testcase classname="test.Day2" name="web" time="0.0">
    <ignored/>
  </testcase> <!-- web -->
  <testcase classname="test.Day2" name="API" time="0.0">
    <ignored/>
  </testcase> <!-- API -->
</testsuite> <!-- Gopi -->
